# JRE version: OpenJDK Runtime Environment (8.0_191-b12) (build 1.8.0_191-8u191-b12-0ubuntu0.18.04.1-b12)
# Java VM: OpenJDK 64-Bit Server VM (25.191-b12 mixed mode linux-amd64 compressed oops)
Heap:
 PSYoungGen      total 794112K, used 0K [0x000000076cf80000, 0x00000007c0000000, 0x00000007c0000000)
  eden space 346112K, 0% used [0x000000076cf80000,0x000000076cf80000,0x0000000782180000)
  from space 448000K, 0% used [0x0000000782180000,0x0000000782180000,0x000000079d700000)
  to   space 453120K, 0% used [0x00000007a4580000,0x00000007a4580000,0x00000007c0000000)
 ParOldGen       total 909824K, used 571079K [0x00000006c6e00000, 0x00000006fe680000, 0x000000076cf80000)
  object space 909824K, 62% used [0x00000006c6e00000,0x00000006e9bb1f58,0x00000006fe680000)
 Metaspace       used 58778K, capacity 60256K, committed 60416K, reserved 1101824K
  class space    used 7750K, capacity 8071K, committed 8192K, reserved 1048576K
GC Heap History (10 events):
Event: 15.706 GC heap after
Heap after GC invocations=19 (full 6):
 PSYoungGen      total 499712K, used 0K [0x000000076cf80000, 0x00000007ad200000, 0x00000007c0000000)
  eden space 291328K, 0% used [0x000000076cf80000,0x000000076cf80000,0x000000077ec00000)
  from space 208384K, 0% used [0x000000077ec00000,0x000000077ec00000,0x000000078b780000)
  to   space 328704K, 0% used [0x0000000799100000,0x0000000799100000,0x00000007ad200000)
 ParOldGen       total 875008K, used 446865K [0x00000006c6e00000, 0x00000006fc480000, 0x000000076cf80000)
  object space 875008K, 51% used [0x00000006c6e00000,0x00000006e2264478,0x00000006fc480000)
 Metaspace       used 58092K, capacity 59612K, committed 59776K, reserved 1101824K
  class space    used 7691K, capacity 8021K, committed 8064K, reserved 1048576K
}
Event: 16.952 GC heap before
{Heap before GC invocations=20 (full 6):
 PSYoungGen      total 499712K, used 291324K [0x000000076cf80000, 0x00000007ad200000, 0x00000007c0000000)
  eden space 291328K, 99% used [0x000000076cf80000,0x000000077ebff278,0x000000077ec00000)
  from space 208384K, 0% used [0x000000077ec00000,0x000000077ec00000,0x000000078b780000)
  to   space 328704K, 0% used [0x0000000799100000,0x0000000799100000,0x00000007ad200000)
 ParOldGen       total 875008K, used 446865K [0x00000006c6e00000, 0x00000006fc480000, 0x000000076cf80000)
  object space 875008K, 51% used [0x00000006c6e00000,0x00000006e2264478,0x00000006fc480000)
 Metaspace       used 58108K, capacity 59612K, committed 59776K, reserved 1101824K
  class space    used 7691K, capacity 8021K, committed 8064K, reserved 1048576K
Event: 17.186 GC heap after
Heap after GC invocations=20 (full 6):
 PSYoungGen      total 680448K, used 278215K [0x000000076cf80000, 0x00000007b1600000, 0x00000007c0000000)
  eden space 351744K, 0% used [0x000000076cf80000,0x000000076cf80000,0x0000000782700000)
  from space 328704K, 84% used [0x0000000799100000,0x00000007aa0b1d00,0x00000007ad200000)
  to   space 370688K, 0% used [0x0000000782700000,0x0000000782700000,0x0000000799100000)
 ParOldGen       total 875008K, used 446873K [0x00000006c6e00000, 0x00000006fc480000, 0x000000076cf80000)
  object space 875008K, 51% used [0x00000006c6e00000,0x00000006e2266478,0x00000006fc480000)
 Metaspace       used 58108K, capacity 59612K, committed 59776K, reserved 1101824K
  class space    used 7691K, capacity 8021K, committed 8064K, reserved 1048576K
}
Event: 17.461 GC heap before
{Heap before GC invocations=21 (full 6):
 PSYoungGen      total 680448K, used 629959K [0x000000076cf80000, 0x00000007b1600000, 0x00000007c0000000)
  eden space 351744K, 100% used [0x000000076cf80000,0x0000000782700000,0x0000000782700000)
  from space 328704K, 84% used [0x0000000799100000,0x00000007aa0b1d00,0x00000007ad200000)
  to   space 370688K, 0% used [0x0000000782700000,0x0000000782700000,0x0000000799100000)
 ParOldGen       total 875008K, used 446873K [0x00000006c6e00000, 0x00000006fc480000, 0x000000076cf80000)
  object space 875008K, 51% used [0x00000006c6e00000,0x00000006e2266478,0x00000006fc480000)
 Metaspace       used 58654K, capacity 60130K, committed 60288K, reserved 1101824K
  class space    used 7736K, capacity 8034K, committed 8064K, reserved 1048576K
Event: 17.479 GC heap after
Heap after GC invocations=21 (full 6):
 PSYoungGen      total 722432K, used 116839K [0x000000076cf80000, 0x00000007b2980000, 0x00000007c0000000)
  eden space 351744K, 0% used [0x000000076cf80000,0x000000076cf80000,0x0000000782700000)
  from space 370688K, 31% used [0x0000000782700000,0x0000000789919c00,0x0000000799100000)
  to   space 346624K, 0% used [0x000000079d700000,0x000000079d700000,0x00000007b2980000)
 ParOldGen       total 875008K, used 457402K [0x00000006c6e00000, 0x00000006fc480000, 0x000000076cf80000)
  object space 875008K, 52% used [0x00000006c6e00000,0x00000006e2caea88,0x00000006fc480000)
 Metaspace       used 58654K, capacity 60130K, committed 60288K, reserved 1101824K
  class space    used 7736K, capacity 8034K, committed 8064K, reserved 1048576K
}
Event: 17.519 GC heap before
{Heap before GC invocations=22 (full 6):
 PSYoungGen      total 722432K, used 468582K [0x000000076cf80000, 0x00000007b2980000, 0x00000007c0000000)
  eden space 351744K, 99% used [0x000000076cf80000,0x00000007826ffd48,0x0000000782700000)
  from space 370688K, 31% used [0x0000000782700000,0x0000000789919c00,0x0000000799100000)
  to   space 346624K, 0% used [0x000000079d700000,0x000000079d700000,0x00000007b2980000)
 ParOldGen       total 875008K, used 457402K [0x00000006c6e00000, 0x00000006fc480000, 0x000000076cf80000)
  object space 875008K, 52% used [0x00000006c6e00000,0x00000006e2caea88,0x00000006fc480000)
 Metaspace       used 58759K, capacity 60256K, committed 60416K, reserved 1101824K
  class space    used 7750K, capacity 8071K, committed 8192K, reserved 1048576K
Event: 17.647 GC heap after
Heap after GC invocations=22 (full 6):
 PSYoungGen      total 692736K, used 346612K [0x000000076cf80000, 0x00000007c0000000, 0x00000007c0000000)
  eden space 346112K, 0% used [0x000000076cf80000,0x000000076cf80000,0x0000000782180000)
  from space 346624K, 99% used [0x000000079d700000,0x00000007b297d0c0,0x00000007b2980000)
  to   space 448000K, 0% used [0x0000000782180000,0x0000000782180000,0x000000079d700000)
 ParOldGen       total 875008K, used 566827K [0x00000006c6e00000, 0x00000006fc480000, 0x000000076cf80000)
  object space 875008K, 64% used [0x00000006c6e00000,0x00000006e978ae60,0x00000006fc480000)
 Metaspace       used 58759K, capacity 60256K, committed 60416K, reserved 1101824K
  class space    used 7750K, capacity 8071K, committed 8192K, reserved 1048576K
}
Event: 17.684 GC heap before
{Heap before GC invocations=23 (full 6):
 PSYoungGen      total 692736K, used 692706K [0x000000076cf80000, 0x00000007c0000000, 0x00000007c0000000)
  eden space 346112K, 99% used [0x000000076cf80000,0x000000078217b880,0x0000000782180000)
  from space 346624K, 99% used [0x000000079d700000,0x00000007b297d0c0,0x00000007b2980000)
  to   space 448000K, 0% used [0x0000000782180000,0x0000000782180000,0x000000079d700000)
 ParOldGen       total 875008K, used 566827K [0x00000006c6e00000, 0x00000006fc480000, 0x000000076cf80000)
  object space 875008K, 64% used [0x00000006c6e00000,0x00000006e978ae60,0x00000006fc480000)
 Metaspace       used 58778K, capacity 60256K, committed 60416K, reserved 1101824K
  class space    used 7750K, capacity 8071K, committed 8192K, reserved 1048576K
Event: 20.961 GC heap after
Heap after GC invocations=23 (full 6):
 PSYoungGen      total 794112K, used 336451K [0x000000076cf80000, 0x00000007c0000000, 0x00000007c0000000)
  eden space 346112K, 0% used [0x000000076cf80000,0x000000076cf80000,0x0000000782180000)
  from space 448000K, 75% used [0x0000000782180000,0x0000000796a10e90,0x000000079d700000)
  to   space 453120K, 0% used [0x00000007a4580000,0x00000007a4580000,0x00000007c0000000)
 ParOldGen       total 909824K, used 908625K [0x00000006c6e00000, 0x00000006fe680000, 0x000000076cf80000)
  object space 909824K, 99% used [0x00000006c6e00000,0x00000006fe554508,0x00000006fe680000)
 Metaspace       used 58778K, capacity 60256K, committed 60416K, reserved 1101824K
  class space    used 7750K, capacity 8071K, committed 8192K, reserved 1048576K
}
Event: 20.978 GC heap before
{Heap before GC invocations=24 (full 7):
 PSYoungGen      total 794112K, used 336451K [0x000000076cf80000, 0x00000007c0000000, 0x00000007c0000000)
  eden space 346112K, 0% used [0x000000076cf80000,0x000000076cf80000,0x0000000782180000)
  from space 448000K, 75% used [0x0000000782180000,0x0000000796a10e90,0x000000079d700000)
  to   space 453120K, 0% used [0x00000007a4580000,0x00000007a4580000,0x00000007c0000000)
 ParOldGen       total 909824K, used 908625K [0x00000006c6e00000, 0x00000006fe680000, 0x000000076cf80000)
  object space 909824K, 99% used [0x00000006c6e00000,0x00000006fe554508,0x00000006fe680000)
 Metaspace       used 58778K, capacity 60256K, committed 60416K, reserved 1101824K
  class space    used 7750K, capacity 8071K, committed 8192K, reserved 1048576K

